<?xml version="1.0" encoding="UTF-8"?>
<!-- Generated by org.testng.reporters.JUnitReportReporter -->
<testsuite skipped="0" hostname="Santosh" name="HubSpotTests.HomePageTest" tests="1" failures="0" timestamp="01 Feb 2020 19:51:58 GMT" time="18.879" errors="0">
  <testcase name="verifyProfile" time="18.879" classname="HubSpotTests.HomePageTest"/>
</testsuite> <!-- HubSpotTests.HomePageTest -->
