<?xml version="1.0" encoding="UTF-8"?>
<!-- Generated by org.testng.reporters.JUnitReportReporter -->
<testsuite skipped="0" hostname="Santosh" name="HubSpotTests.HomePageTest" tests="1" failures="0" timestamp="02 Feb 2020 20:17:35 GMT" time="32.630" errors="0">
  <testcase name="verifyProfile" time="32.630" classname="HubSpotTests.HomePageTest"/>
</testsuite> <!-- HubSpotTests.HomePageTest -->
