<?xml version="1.0" encoding="UTF-8"?>
<!-- Generated by org.testng.reporters.JUnitReportReporter -->
<testsuite skipped="0" hostname="Santosh" name="HubSpotTests.LoginPageTest" tests="2" failures="0" timestamp="01 Feb 2020 19:51:58 GMT" time="22.559" errors="0">
  <testcase name="verifyPageTitle" time="11.264" classname="HubSpotTests.LoginPageTest"/>
  <testcase name="getLogin" time="11.295" classname="HubSpotTests.LoginPageTest"/>
</testsuite> <!-- HubSpotTests.LoginPageTest -->
