<?xml version="1.0" encoding="UTF-8"?>
<!-- Generated by org.testng.reporters.JUnitReportReporter -->
<testsuite skipped="0" hostname="Santosh" name="HubSpotTests.ContactPageTest" tests="6" failures="0" timestamp="02 Feb 2020 20:17:35 GMT" time="151.493" errors="0">
  <testcase name="createContact" time="24.002" classname="HubSpotTests.ContactPageTest"/>
  <testcase name="createContact" time="33.083" classname="HubSpotTests.ContactPageTest"/>
  <testcase name="createContact" time="23.638" classname="HubSpotTests.ContactPageTest"/>
  <testcase name="createContact" time="23.652" classname="HubSpotTests.ContactPageTest"/>
  <testcase name="createContact" time="23.292" classname="HubSpotTests.ContactPageTest"/>
  <testcase name="createContact" time="23.826" classname="HubSpotTests.ContactPageTest"/>
</testsuite> <!-- HubSpotTests.ContactPageTest -->
