<?xml version="1.0" encoding="UTF-8"?>
<!-- Generated by org.testng.reporters.JUnitReportReporter -->
<testsuite skipped="0" hostname="Santosh" name="HubSpotTests.LoginPageTest" tests="2" failures="0" timestamp="02 Feb 2020 20:25:56 GMT" time="21.978" errors="0">
  <testcase name="verifyPageTitle" time="10.087" classname="HubSpotTests.LoginPageTest"/>
  <testcase name="getLogin" time="11.891" classname="HubSpotTests.LoginPageTest"/>
</testsuite> <!-- HubSpotTests.LoginPageTest -->
