<?xml version="1.0" encoding="UTF-8"?>
<!-- Generated by org.testng.reporters.JUnitReportReporter -->
<testsuite skipped="0" hostname="Santosh" name="HubSpotTests.ContactPageTest" tests="6" failures="0" timestamp="01 Feb 2020 19:51:58 GMT" time="141.068" errors="0">
  <testcase name="createContact" time="23.300" classname="HubSpotTests.ContactPageTest"/>
  <testcase name="createContact" time="23.504" classname="HubSpotTests.ContactPageTest"/>
  <testcase name="createContact" time="23.776" classname="HubSpotTests.ContactPageTest"/>
  <testcase name="createContact" time="24.092" classname="HubSpotTests.ContactPageTest"/>
  <testcase name="createContact" time="23.472" classname="HubSpotTests.ContactPageTest"/>
  <testcase name="createContact" time="22.924" classname="HubSpotTests.ContactPageTest"/>
</testsuite> <!-- HubSpotTests.ContactPageTest -->
