<?xml version="1.0" encoding="UTF-8"?>
<!-- Generated by org.testng.reporters.JUnitReportReporter -->
<testsuite hostname="Santosh" failures="0" tests="2" name="HubSpotTests.LoginPageTest" time="21.404" errors="0" timestamp="02 Feb 2020 20:13:54 GMT" skipped="0">
  <testcase classname="HubSpotTests.LoginPageTest" name="verifyPageTitle" time="9.479"/>
  <testcase classname="HubSpotTests.LoginPageTest" name="getLogin" time="11.925"/>
</testsuite> <!-- HubSpotTests.LoginPageTest -->
